12:41:16'029 0.0
12:41:16'462 0.0
12:41:16'675 0.0
12:41:16'895 0.0
12:41:17'014 0.0
12:41:17'126 0.0
12:41:17'233 0.0
12:41:17'358 0.0
12:41:17'474 0.0
12:41:17'576 0.0
12:41:17'677 0.0
12:41:17'795 0.0
12:41:17'910 0.0
12:41:18'024 0.0
12:41:18'124 0.0
12:41:18'226 0.0
12:41:18'341 0.0
12:41:18'442 0.0
12:41:18'558 0.0
12:41:18'675 0.0
12:41:18'777 0.0
12:41:18'893 0.0
12:41:18'997 0.0
12:41:19'111 0.0
12:41:19'229 0.0
12:41:19'344 0.0
12:41:19'445 0.0
12:41:19'561 0.0
12:41:19'677 0.0
12:41:19'793 0.0
12:41:19'907 0.0
12:41:20'112 0.0
12:41:20'227 0.0
12:41:20'343 0.0
12:41:20'458 0.0
12:41:20'565 0.0
12:41:20'677 0.0
12:41:20'779 0.0
12:41:20'892 0.0
12:41:20'993 0.0
12:41:21'224 0.0
12:41:21'340 0.0
12:41:21'440 0.0
12:41:21'541 0.0
12:41:21'642 0.0
12:41:21'751 0.0
12:41:21'860 0.0
12:41:21'976 0.0
12:41:22'078 0.0
12:41:22'180 0.0
12:41:22'294 0.0
12:41:22'509 0.0
12:41:22'610 0.0
12:41:22'726 0.0
12:41:22'842 0.0
12:41:22'960 0.0
12:41:23'077 0.0
12:41:23'196 0.0
12:41:23'309 0.0
12:41:23'424 0.0
12:41:23'541 0.0
12:41:23'645 0.0
12:41:23'759 0.0
12:41:23'877 0.0
12:41:23'991 0.0
12:41:24'093 0.0
12:41:24'198 0.0
12:41:24'307 0.0
12:41:24'424 0.0
12:41:24'524 0.0
12:41:24'626 0.0
12:41:24'742 0.0
12:41:24'846 0.0
12:41:24'947 0.0
12:41:25'060 0.0
12:41:25'178 0.0
12:41:25'294 0.0
12:41:25'411 0.0
12:41:25'739 0.0
12:41:26'258 0.0
12:41:26'372 0.0
12:41:26'473 0.0
12:41:26'576 0.0
12:41:26'679 0.0
12:41:26'793 0.0
12:41:26'908 0.0
12:41:27'010 0.0
12:41:27'124 0.0
12:41:27'224 0.0
12:41:27'330 0.0
12:41:27'440 0.0
12:41:27'541 0.0
12:41:27'641 0.0
12:41:27'758 0.0
12:41:27'859 0.0
12:41:27'976 0.0
12:41:28'091 0.0
12:41:28'191 0.0
12:41:28'295 0.0
12:41:28'410 0.0
12:41:28'529 0.0
12:41:28'649 0.0
12:41:28'756 0.0
12:41:28'873 0.0
12:41:29'076 0.0
12:41:29'188 0.0
12:41:29'293 0.0
12:41:29'406 0.0
12:41:29'507 0.0
12:41:29'732 0.0
12:41:29'843 0.0
12:41:29'958 0.0
12:41:30'064 0.0
12:41:30'178 0.0
12:41:30'292 0.0
12:41:30'409 0.0
12:41:30'525 0.0
12:41:30'639 0.0
12:41:30'740 0.0
12:41:30'847 0.0
12:41:30'958 0.0
12:41:31'061 0.0
12:41:31'175 0.0
12:41:31'294 0.0
12:41:31'404 0.0
12:41:31'510 0.0
12:41:31'626 0.0
12:41:31'739 0.0
12:41:31'841 0.0
12:41:31'956 0.0
12:41:32'060 0.0
12:41:32'175 0.0
12:41:32'276 0.0
12:41:32'389 0.0
12:41:32'489 0.0
12:41:32'607 0.0
12:41:32'710 0.0
12:41:32'827 0.0
12:41:32'939 0.0
12:41:33'055 0.0
12:41:33'157 0.0
12:41:33'258 0.0
12:41:33'360 0.0
12:41:33'476 0.0
12:41:33'588 0.0
12:41:33'689 0.0
12:41:33'793 0.0
12:41:34'008 0.0
12:41:34'120 0.0
12:41:34'227 0.0
12:41:34'330 0.0
12:41:34'440 0.0
12:41:34'542 0.0
12:41:34'645 0.0
12:41:34'746 0.0
12:41:34'855 0.0
12:41:34'957 0.0
12:41:35'058 0.0
12:41:35'161 0.0
12:41:35'276 0.0
12:41:35'390 0.0
12:41:35'507 0.0
12:41:35'608 0.0
12:41:35'711 0.0
12:41:35'824 0.0
12:41:35'941 0.0
12:41:36'056 0.0
12:41:36'173 0.0
12:41:36'288 0.0
12:41:36'390 0.0
12:41:36'492 0.0
12:41:36'719 0.0
12:41:36'833 0.02
12:41:36'942 0.06
12:41:37'042 0.1
12:41:37'154 0.14
12:41:37'272 0.3
12:41:37'373 1.42
12:41:37'491 3.52
12:41:37'593 2.38
12:41:37'707 3.12
12:41:37'822 3.58
12:41:37'923 3.88
12:41:38'250 5.72
12:41:38'357 4.68
12:41:38'577 4.66
12:41:38'692 4.66
12:41:38'804 4.74
12:41:38'908 4.62
12:41:39'023 4.68
12:41:39'240 4.8
12:41:39'341 4.82
12:41:39'455 4.84
12:41:39'564 4.8
12:41:39'671 4.78
12:41:39'773 4.78
12:41:39'875 4.78
12:41:39'991 4.8
12:41:40'106 4.8
12:41:40'223 4.78
12:41:40'323 4.78
12:41:40'554 4.8
12:41:40'770 4.82
12:41:40'873 4.8
12:41:41'198 4.76
12:41:41'321 4.82
12:41:41'422 4.76
12:41:41'539 4.88
12:41:41'641 4.86
12:41:41'758 4.76
12:41:41'877 4.66
12:41:41'990 4.82
12:41:42'224 4.68
12:41:42'328 4.64
12:41:42'553 4.8
12:41:42'665 4.8
12:41:42'777 4.76
12:41:42'890 4.74
12:41:43'112 4.74
12:41:43'225 4.74
12:41:43'330 4.74
12:41:43'438 4.74
12:41:43'551 4.74
12:41:43'661 4.74
12:41:43'772 4.74
12:41:43'886 4.74
12:41:44'099 4.72
12:41:44'207 4.78
12:41:44'321 4.76
12:41:44'422 4.7
12:41:44'537 4.72
12:41:44'741 4.74
12:41:44'856 4.76
12:41:44'957 4.76
12:41:45'059 4.76
12:41:45'272 4.74
12:41:45'373 4.74
12:41:45'475 4.76
12:41:45'588 4.78
12:41:45'702 4.8
12:41:45'812 4.76
12:41:45'923 4.76
12:41:46'025 4.76
12:41:46'139 4.76
12:41:46'379 4.76
12:41:46'486 4.76
12:41:46'816 4.76
12:41:46'921 4.78
12:41:47'122 4.8
12:41:47'338 4.64
12:41:47'554 4.32
12:41:47'672 4.54
12:41:47'782 4.78
12:41:47'889 4.9
12:41:48'004 4.8
12:41:48'219 4.12
12:41:48'321 4.86
12:41:48'437 5.28
12:41:48'554 5.22
12:41:48'655 5.5
12:41:48'772 6.68
12:41:48'874 9.12
12:41:48'988 9.92
12:41:49'112 8.54
12:41:49'220 9.42
12:41:49'336 9.68
12:41:49'547 9.7
12:41:49'652 9.7
12:41:49'753 9.7
12:41:49'854 9.76
12:41:49'955 9.74
12:41:50'175 9.72
12:41:50'289 9.74
12:41:50'401 9.68
12:41:50'502 9.7
12:41:50'604 9.66
12:41:50'709 9.64
12:41:50'823 9.68
12:41:50'938 9.74
12:41:51'053 9.76
12:41:51'155 9.78
12:41:51'270 9.8
12:41:51'486 9.96
12:41:51'587 9.74
12:41:51'703 9.5
12:41:51'913 9.64
12:41:52'023 9.68
12:41:52'138 9.72
12:41:52'355 9.76
12:41:52'470 9.7
12:41:52'586 9.74
12:41:52'687 9.72
12:41:52'804 9.88
12:41:52'920 9.9
12:41:53'248 9.72
12:41:53'353 9.78
12:41:53'469 9.66
12:41:53'698 9.74
12:41:53'806 9.74
12:41:53'919 9.74
12:41:54'035 9.74
12:41:54'152 9.76
12:41:54'278 9.74
12:41:54'386 9.74
12:41:54'487 9.72
12:41:54'707 9.74
12:41:54'819 9.74
12:41:55'048 9.74
12:41:55'153 9.76
12:41:55'369 9.74
12:41:55'471 9.72
12:41:55'901 9.7
12:41:56'008 9.74
12:41:56'227 9.74
12:41:56'335 9.9
12:41:56'550 9.76
12:41:56'652 9.76
12:41:56'757 9.76
12:41:56'872 9.76
12:41:56'983 9.76
12:41:57'088 9.78
12:41:57'313 9.74
12:41:57'418 9.84
12:41:57'520 9.78
12:41:57'748 9.8
12:41:57'965 9.6
12:41:58'071 9.78
12:41:58'285 9.72
12:41:58'502 9.74
12:41:58'605 9.74
12:41:58'714 9.74
12:41:58'921 9.78
12:41:59'248 9.7
12:41:59'355 9.58
12:41:59'582 10.5
12:41:59'689 10.62
12:41:59'804 12.82
12:41:59'921 16.96
12:42:00'137 15.8
12:42:00'369 17.0
12:42:00'484 14.32
12:42:00'586 14.82
12:42:00'709 15.22
12:42:00'812 15.3
12:42:00'937 15.3
12:42:01'040 15.26
12:42:01'153 15.28
12:42:01'269 15.26
12:42:01'501 15.26
12:42:01'603 15.26
12:42:01'718 15.26
12:42:01'933 15.24
12:42:02'152 15.26
12:42:02'271 15.24
12:42:02'497 15.24
12:42:02'601 15.26
12:42:02'703 15.34
12:42:02'808 15.4
12:42:02'919 15.32
12:42:03'035 15.36
12:42:03'151 15.36
12:42:03'268 15.26
12:42:03'483 15.18
12:42:03'585 15.1
12:42:03'702 15.2
12:42:03'924 15.2
12:42:04'037 15.22
12:42:04'142 15.2
12:42:04'253 15.22
12:42:04'358 15.22
12:42:04'467 15.26
12:42:04'668 15.24
12:42:04'770 15.3
12:42:04'884 15.34
12:42:05'100 15.24
12:42:05'201 15.32
12:42:05'420 15.3
12:42:05'526 15.3
12:42:05'628 15.44
12:42:05'847 15.34
12:42:05'952 15.22
12:42:06'068 15.04
12:42:06'283 15.18
12:42:06'485 15.22
12:42:06'601 15.02
12:42:06'701 14.92
12:42:07'018 15.32
12:42:07'136 15.58
12:42:07'342 15.14
12:42:07'451 15.06
12:42:07'664 15.36
12:42:07'773 15.26
12:42:07'885 15.26
12:42:08'219 15.32
12:42:08'319 15.26
12:42:08'435 15.28
12:42:08'536 15.28
12:42:08'651 15.26
12:42:08'767 15.26
12:42:08'870 15.26
12:42:08'985 15.28
12:42:09'085 15.28
12:42:09'314 15.28
12:42:09'518 15.38
12:42:09'619 15.26
12:42:09'733 15.3
12:42:09'948 15.32
12:42:10'050 15.34
12:42:10'151 15.2
12:42:10'267 15.3
12:42:10'498 15.38
12:42:10'601 15.26
12:42:10'702 15.3
12:42:10'802 15.34
12:42:10'924 15.4
12:42:11'240 15.38
12:42:11'349 15.62
12:42:11'550 17.0
12:42:11'767 19.14
12:42:11'871 20.32
12:42:11'982 21.18
12:42:12'084 20.32
12:42:12'399 20.7
12:42:12'502 20.76
12:42:12'613 20.8
12:42:12'717 20.86
12:42:12'825 20.88
12:42:12'935 20.8
12:42:13'053 20.74
12:42:13'167 20.8
12:42:13'268 20.84
12:42:13'497 20.86
12:42:13'599 20.8
12:42:13'709 20.8
12:42:13'817 20.9
12:42:13'933 20.92
12:42:14'252 21.18
12:42:14'359 20.94
12:42:14'467 20.48
12:42:14'584 20.66
12:42:14'687 20.7
12:42:14'801 20.76
12:42:14'916 20.82
12:42:15'024 20.76
12:42:15'133 20.76
12:42:15'350 20.78
12:42:15'564 21.2
12:42:15'666 20.8
12:42:15'868 21.1
12:42:15'971 21.02
12:42:16'085 20.92
12:42:16'197 20.78
12:42:16'300 21.06
12:42:16'509 24.44
12:42:16'732 21.18
12:42:16'947 20.32
12:42:17'165 21.4
12:42:17'267 20.72
12:42:17'386 20.84
12:42:17'501 20.82
12:42:17'611 20.84
12:42:17'718 20.64
12:42:17'833 20.32
12:42:17'950 19.68
12:42:18'065 21.68
12:42:18'279 20.7
12:42:18'484 20.2
12:42:18'600 20.84
12:42:18'701 20.64
12:42:18'816 20.9
12:42:18'933 20.98
12:42:19'035 20.82
12:42:19'139 20.86
12:42:19'361 21.2
12:42:19'567 20.88
12:42:19'796 20.76
12:42:19'898 20.76
12:42:20'129 20.74
12:42:20'349 20.8
12:42:20'472 20.74
12:42:20'582 20.82
12:42:20'797 20.98
12:42:20'900 20.88
12:42:21'016 20.44
12:42:21'131 20.84
12:42:21'346 21.24
12:42:21'563 21.2
12:42:21'666 20.42
12:42:21'886 20.86
12:42:22'001 20.88
12:42:22'116 20.6
12:42:22'319 20.94
12:42:22'547 20.92
12:42:22'649 20.86
12:42:22'750 20.82
12:42:22'866 20.74
12:42:23'203 20.86
12:42:23'316 21.12
12:42:23'432 20.5
12:42:23'533 20.58
12:42:23'635 20.54
12:42:23'751 20.64
12:42:23'865 20.76
12:42:23'981 20.74
12:42:24'182 20.78
12:42:24'298 20.76
12:42:24'525 20.82
12:42:24'631 20.8
12:42:24'748 20.84
12:42:24'850 20.74
12:42:24'953 20.74
12:42:25'069 20.78
12:42:25'181 20.84
12:42:25'297 20.8
12:42:25'515 20.88
12:42:25'631 20.72
12:42:25'732 21.08
12:42:25'847 20.88
12:42:25'954 20.8
12:42:26'066 20.76
12:42:26'280 20.78
12:42:26'397 20.86
12:42:26'615 20.78
12:42:26'717 20.78
12:42:26'833 20.78
12:42:26'948 20.8
12:42:27'049 20.84
12:42:27'164 20.92
12:42:27'273 20.88
12:42:27'381 20.72
12:42:27'484 21.3
12:42:27'710 21.0
12:42:27'928 23.0
12:42:28'030 25.4
12:42:28'243 24.96
12:42:28'550 24.74
12:42:28'658 24.78
12:42:28'766 25.02
12:42:28'881 24.68
12:42:29'110 24.68
12:42:29'314 24.86
12:42:29'534 24.32
12:42:29'762 24.92
12:42:29'880 24.76
12:42:29'997 24.76
12:42:30'113 24.76
12:42:30'328 24.68
12:42:30'546 24.74
12:42:30'648 24.74
12:42:30'750 24.6
12:42:30'864 24.74
12:42:31'081 24.74
12:42:31'196 24.72
12:42:31'312 24.72
12:42:31'529 24.74
12:42:31'731 24.68
12:42:31'831 24.7
12:42:31'946 24.7
12:42:32'163 24.72
12:42:32'266 24.8
12:42:32'483 24.74
12:42:32'598 24.7
12:42:32'714 24.7
12:42:32'916 24.7
12:42:33'030 24.72
12:42:33'247 24.68
12:42:33'364 24.68
12:42:33'591 24.56
12:42:33'697 24.72
12:42:33'913 24.78
12:42:34'225 24.52
12:42:34'440 24.7
12:42:34'549 24.66
12:42:34'663 24.74
12:42:34'764 24.66
12:42:34'865 24.8
12:42:35'093 24.76
12:42:35'196 24.7
12:42:35'397 24.74
12:42:35'604 24.68
12:42:35'712 24.68
12:42:35'927 24.7
12:42:36'029 24.7
12:42:36'230 24.7
12:42:36'343 24.72
12:42:36'446 24.72
12:42:36'666 24.72
12:42:36'779 24.7
12:42:36'998 24.7
12:42:37'113 24.82
12:42:37'215 24.84
12:42:37'329 24.82
12:42:37'546 24.8
12:42:37'760 24.8
12:42:37'862 24.76
12:42:38'078 24.74
12:42:38'289 24.4
12:42:38'398 24.48
12:42:38'614 24.94
12:42:38'718 25.14
12:42:38'833 25.08
12:42:38'948 25.12
12:42:39'063 27.3
12:42:39'278 27.52
12:42:39'485 27.76
12:42:39'587 28.0
12:42:39'697 27.88
12:42:39'813 29.28
12:42:40'029 28.12
12:42:40'131 28.54
12:42:40'347 28.5
12:42:40'462 28.48
12:42:40'694 28.84
12:42:40'916 28.38
12:42:41'147 28.38
12:42:41'265 28.46
12:42:41'495 28.46
12:42:41'612 28.46
12:42:41'727 28.6
12:42:41'928 28.52
12:42:42'030 28.28
12:42:42'267 28.54
12:42:42'492 28.66
12:42:42'596 28.72
12:42:42'926 28.48
12:42:43'143 28.58
12:42:43'245 28.42
12:42:43'361 28.54
12:42:43'462 28.78
12:42:43'563 28.12
12:42:43'668 28.54
12:42:43'894 27.78
12:42:44'230 27.84
12:42:44'345 28.74
12:42:44'473 27.8
12:42:44'578 28.22
12:42:44'695 28.98
12:42:44'812 29.32
12:42:44'928 28.62
12:42:45'035 26.32
12:42:45'146 28.14
12:42:45'360 28.8
12:42:45'463 28.64
12:42:45'694 28.88
12:42:45'896 28.7
12:42:46'014 28.24
12:42:46'115 28.78
12:42:46'336 27.46
12:42:46'445 28.76
12:42:46'561 28.64
12:42:46'662 27.96
12:42:46'762 28.8
12:42:46'879 28.54
12:42:47'187 28.54
12:42:47'288 27.98
12:42:47'507 28.72
12:42:47'613 28.22
12:42:47'820 28.26
12:42:47'928 28.46
12:42:48'028 28.12
12:42:48'129 28.7
12:42:48'342 28.56
12:42:48'444 28.46
12:42:48'648 28.42
12:42:48'762 28.44
12:42:48'877 28.54
12:42:49'090 28.58
12:42:49'301 28.26
12:42:49'414 28.4
12:42:49'522 28.36
12:42:49'629 28.54
12:42:49'744 28.34
12:42:49'860 28.68
12:42:50'061 34.64
12:42:50'162 31.82
12:42:50'277 32.36
12:42:50'499 34.18
12:42:50'822 32.64
12:42:50'929 33.32
12:42:51'031 33.14
12:42:51'243 33.06
12:42:51'344 33.2
12:42:51'461 33.14
12:42:51'577 32.9
12:42:51'692 33.06
12:42:51'911 33.24
12:42:52'026 32.94
12:42:52'143 32.92
12:42:52'345 33.14
12:42:52'557 32.94
12:42:52'658 32.9
12:42:52'761 33.12
12:42:52'877 33.04
12:42:53'093 32.82
12:42:53'200 33.06
12:42:53'424 32.98
12:42:53'527 32.98
12:42:53'760 33.04
12:42:53'877 32.98
12:42:53'978 32.98
12:42:54'093 32.96
12:42:54'309 33.1
12:42:54'411 32.94
12:42:54'517 32.98
12:42:54'726 32.98
12:42:54'942 32.98
12:42:55'158 32.9
12:42:55'259 32.98
12:42:55'475 32.98
12:42:55'576 33.0
12:42:55'677 33.0
12:42:55'778 33.0
12:42:56'102 33.0
12:42:56'314 33.0
12:42:56'539 33.0
12:42:56'744 33.02
12:42:56'860 33.02
12:42:56'961 33.0
12:42:57'076 32.98
12:42:57'299 33.0
12:42:57'411 33.12
12:42:57'625 32.94
12:42:57'930 33.2
12:42:58'144 33.06
12:42:58'261 33.08
12:42:58'376 33.1
12:42:58'492 31.38
12:42:58'593 33.28
12:42:58'814 33.44
12:42:58'926 32.34
12:42:59'154 32.72
12:42:59'259 33.22
12:42:59'359 32.7
12:42:59'572 31.96
12:42:59'676 33.02
12:42:59'905 33.74
12:43:00'018 32.78
12:43:00'129 33.16
12:43:00'343 32.9
12:43:00'460 31.22
12:43:00'575 33.3
12:43:00'676 33.52
12:43:00'777 34.1
12:43:00'878 34.44
12:43:00'982 35.02
12:43:01'094 33.52
12:43:01'325 42.02
12:43:01'527 35.48
12:43:01'628 36.68
12:43:01'855 36.66
12:43:01'958 37.46
12:43:02'059 37.98
12:43:02'175 38.52
12:43:02'376 38.16
12:43:02'491 38.3
12:43:02'594 38.22
12:43:02'710 37.62
12:43:02'812 37.76
12:43:02'926 38.34
12:43:03'040 38.8
12:43:03'142 36.34
12:43:03'258 36.94
12:43:03'375 39.32
12:43:03'589 39.34
12:43:03'691 37.3
12:43:03'792 37.84
12:43:03'909 37.44
12:43:04'133 39.0
12:43:04'342 38.38
12:43:04'459 36.4
12:43:04'572 38.28
12:43:04'678 38.38
12:43:04'791 38.18
12:43:04'892 37.96
12:43:05'095 37.96
12:43:05'309 37.62
12:43:05'528 37.66
12:43:05'641 37.56
12:43:05'856 38.44
12:43:05'959 37.8
12:43:06'074 38.14
12:43:06'275 37.82
12:43:06'392 37.58
12:43:06'607 38.92
12:43:06'709 38.82
12:43:06'832 38.26
12:43:07'045 38.24
12:43:07'159 39.04
12:43:07'275 37.96
12:43:07'376 38.04
12:43:07'605 38.42
12:43:07'707 37.56
12:43:07'923 37.74
12:43:08'126 37.6
12:43:08'343 37.4
12:43:08'457 37.66
12:43:08'674 37.84
12:43:08'778 38.68
12:43:08'893 36.8
12:43:09'008 37.22
12:43:09'224 37.52
12:43:09'325 38.3
12:43:09'544 37.94
12:43:09'657 37.68
12:43:09'776 38.4
12:43:09'995 38.56
12:43:10'110 38.16
12:43:10'333 38.48
12:43:10'441 37.74
12:43:10'557 37.72
12:43:10'658 37.96
12:43:10'859 38.08
12:43:11'078 38.22
12:43:11'303 43.0
12:43:11'525 41.92
12:43:11'628 42.84
12:43:11'743 44.48
12:43:11'859 46.08
12:43:11'974 45.94
12:43:12'174 44.62
12:43:12'283 42.6
12:43:12'394 43.98
12:43:12'507 42.72
12:43:12'722 42.0
12:43:12'927 42.14
12:43:13'140 41.84
12:43:13'258 42.04
12:43:13'362 42.68
12:43:13'475 43.3
12:43:13'588 43.22
12:43:13'706 42.8
12:43:13'808 43.68
12:43:13'924 44.56
12:43:14'144 45.14
12:43:14'360 43.12
12:43:14'480 43.14
12:43:14'589 43.14
12:43:14'691 43.04
12:43:14'806 43.24
12:43:14'922 43.48
12:43:15'144 43.6
12:43:15'257 43.24
12:43:15'458 44.44
12:43:15'687 42.78
12:43:15'791 41.16
12:43:15'906 43.34
12:43:16'226 42.96
12:43:16'340 42.92
12:43:16'444 42.74
12:43:16'558 41.76
12:43:16'673 44.3
12:43:16'889 44.62
12:43:17'109 44.16
12:43:17'339 42.52
12:43:17'449 45.62
12:43:17'557 42.42
12:43:17'657 42.96
12:43:17'878 44.76
12:43:18'104 43.56
12:43:18'207 42.2
12:43:18'322 42.02
12:43:18'538 42.34
12:43:18'640 44.18
12:43:18'757 43.38
12:43:18'876 42.86
12:43:18'992 43.2
12:43:19'117 42.94
12:43:19'223 42.82
12:43:19'323 42.8
12:43:19'553 43.76
12:43:19'663 43.9
12:43:19'770 43.6
12:43:20'091 43.0
12:43:20'323 42.42
12:43:20'426 43.8
12:43:20'531 43.36
12:43:20'740 43.04
12:43:20'840 43.32
12:43:20'942 43.24
12:43:21'058 43.76
12:43:21'272 42.8
12:43:21'373 43.18
12:43:21'488 42.88
12:43:21'692 43.36
12:43:21'920 43.64
12:43:22'125 43.78
12:43:22'241 43.18
12:43:22'473 42.82
12:43:22'702 41.74
12:43:22'805 44.84
12:43:23'138 43.16
12:43:23'245 43.82
12:43:23'356 47.4
12:43:23'472 47.16
12:43:23'692 46.64
12:43:23'794 47.72
12:43:23'905 47.96
12:43:24'021 48.16
12:43:24'137 48.3
12:43:24'354 48.04
12:43:24'455 48.82
12:43:24'571 45.58
12:43:24'672 49.28
12:43:24'873 45.6
12:43:24'989 46.72
12:43:25'090 48.24
12:43:25'318 46.94
12:43:25'522 48.0
12:43:25'638 48.88
12:43:25'753 49.24
12:43:25'961 49.1
12:43:26'074 47.96
12:43:26'301 46.66
12:43:26'409 48.52
12:43:26'523 47.72
12:43:26'638 47.3
12:43:26'754 48.76
12:43:26'871 49.18
12:43:27'090 47.14
12:43:27'191 48.2
12:43:27'315 49.38
12:43:27'522 47.66
12:43:27'638 47.74
12:43:27'740 47.48
12:43:27'957 47.56
12:43:28'186 47.92
12:43:28'287 47.46
12:43:28'503 47.82
12:43:28'709 48.76
12:43:28'822 47.9
12:43:28'938 47.8
12:43:29'143 48.68
12:43:29'253 49.04
12:43:29'370 48.18
12:43:29'487 47.18
12:43:29'712 47.08
12:43:29'822 48.04
12:43:29'936 48.4
12:43:30'043 48.52
12:43:30'155 47.66
12:43:30'271 48.06
12:43:30'386 48.26
12:43:30'489 47.88
12:43:30'693 48.2
12:43:30'804 48.28
12:43:31'006 47.78
12:43:31'118 47.68
12:43:31'338 47.98
12:43:31'558 47.7
12:43:31'673 47.82
12:43:31'788 48.26
12:43:31'903 48.32
12:43:32'116 48.3
12:43:32'322 47.82
12:43:32'424 47.82
12:43:32'525 48.18
12:43:32'637 48.76
12:43:32'761 48.48
12:43:32'871 48.88
12:43:33'098 47.52
12:43:33'205 47.58
12:43:33'320 48.8
12:43:33'653 48.82
12:43:33'865 46.78
12:43:33'971 49.16
12:43:34'087 51.72
12:43:34'299 54.0
12:43:34'403 53.72
12:43:34'516 52.76
12:43:34'729 53.08
12:43:34'834 50.48
12:43:34'937 52.68
12:43:35'151 52.18
12:43:35'252 52.4
12:43:35'354 51.8
12:43:35'470 52.8
12:43:35'672 53.48
12:43:35'789 52.98
12:43:35'905 52.64
12:43:36'018 53.84
12:43:36'322 52.84
12:43:36'437 52.62
12:43:36'554 53.2
12:43:36'655 53.16
12:43:36'770 53.38
12:43:36'979 53.22
12:43:37'087 53.36
12:43:37'303 53.32
12:43:37'533 53.24
12:43:37'637 53.3
12:43:37'751 53.34
12:43:37'852 53.28
12:43:38'170 53.42
12:43:38'276 53.28
12:43:38'390 53.26
12:43:38'493 53.32
12:43:38'603 53.12
12:43:38'719 53.08
12:43:38'836 53.12
12:43:38'937 53.28
12:43:39'153 53.24
12:43:39'254 53.62
12:43:39'369 53.66
12:43:39'596 53.76
12:43:39'706 54.16
12:43:39'819 52.32
12:43:39'937 52.26
12:43:40'052 52.72
12:43:40'268 53.28
12:43:40'369 53.12
12:43:40'599 53.8
12:43:40'702 54.76
12:43:40'904 52.78
12:43:41'007 53.34
12:43:41'235 53.28
12:43:41'451 52.82
12:43:41'557 53.52
12:43:41'670 54.18
12:43:41'783 53.62
12:43:41'999 50.84
12:43:42'099 53.46
12:43:42'202 53.24
12:43:42'408 53.74
12:43:42'521 53.14
12:43:42'635 52.28
12:43:42'837 53.22
12:43:42'951 53.8
12:43:43'067 53.88
12:43:43'182 53.2
12:43:43'499 52.62
12:43:43'604 52.62
12:43:43'713 53.66
12:43:43'919 53.06
12:43:44'121 53.52
12:43:44'337 53.4
12:43:44'552 53.76
12:43:44'656 53.28
12:43:44'769 53.88
12:43:44'884 54.5
12:43:44'985 54.08
12:43:45'092 54.1
12:43:45'315 53.98
12:43:45'418 52.9
12:43:45'518 53.28
12:43:45'735 53.48
12:43:45'948 53.62
12:43:46'167 51.1
12:43:46'272 53.44
12:43:46'387 50.86
12:43:46'490 55.26
12:43:46'702 50.9
12:43:46'803 52.64
12:43:46'918 52.48
12:43:47'150 55.64
12:43:47'252 54.36
12:43:47'368 57.62
12:43:47'468 54.82
12:43:47'585 55.68
12:43:47'701 58.42
12:43:47'922 60.44
12:43:48'034 58.42
12:43:48'151 55.52
12:43:48'365 58.28
12:43:48'469 57.48
12:43:48'698 58.52
12:43:48'915 58.26
12:43:49'120 57.94
12:43:49'222 58.92
12:43:49'327 57.54
12:43:49'435 58.98
12:43:49'544 59.14
12:43:49'760 57.88
12:43:49'871 58.3
12:43:49'979 57.96
12:43:50'085 59.12
12:43:50'202 58.64
12:43:50'418 57.04
12:43:50'525 58.1
12:43:50'752 57.54
12:43:50'869 59.16
12:43:50'984 59.06
12:43:51'215 57.76
12:43:51'422 57.54
12:43:51'535 58.08
12:43:51'649 57.52
12:43:51'750 57.66
12:43:51'852 58.02
12:43:51'969 58.36
12:43:52'084 58.68
12:43:52'298 59.18
12:43:52'517 58.36
12:43:52'719 58.34
12:43:52'826 56.8
12:43:53'259 59.08
12:43:53'370 58.44
12:43:53'483 58.96
12:43:53'703 58.78
12:43:53'804 59.06
12:43:53'934 59.96
12:43:54'050 57.78
12:43:54'151 57.54
12:43:54'367 58.62
12:43:54'483 57.94
12:43:54'591 57.6
12:43:54'930 57.94
12:43:55'038 57.78
12:43:55'150 58.02
12:43:55'365 58.88
12:43:55'471 58.32
12:43:55'586 59.8
12:43:55'702 57.32
12:43:55'817 57.78
12:43:55'917 58.6
12:43:56'125 58.24
12:43:56'233 56.9
12:43:56'345 57.22
12:43:56'562 60.0
12:43:56'670 58.5
12:43:56'772 58.08
12:43:56'886 58.36
12:43:56'999 58.54
12:43:57'116 57.8
12:43:57'341 57.98
12:43:57'452 60.98
12:43:57'567 58.34
12:43:57'668 60.22
12:43:57'783 60.56
12:43:57'899 59.26
12:43:58'234 54.78
12:43:58'339 57.56
12:43:58'450 58.58
12:43:58'565 58.7
12:43:58'666 61.5
12:43:58'868 67.24
12:43:59'098 66.28
12:43:59'201 62.38
12:43:59'317 65.9
12:43:59'546 63.8
12:43:59'651 63.3
12:43:59'757 63.46
12:43:59'867 64.78
12:43:59'982 64.98
12:44:00'091 64.88
12:44:00'314 65.48
12:44:00'422 64.38
12:44:00'534 61.84
12:44:00'759 65.74
12:44:00'864 64.32
12:44:01'078 61.62
12:44:01'287 62.3
12:44:01'407 64.96
12:44:01'517 64.52
12:44:01'744 65.3
12:44:01'849 65.1
12:44:01'965 64.32
12:44:02'067 63.88
12:44:02'183 60.64
12:44:02'299 64.86
12:44:02'530 63.78
12:44:02'633 63.48
12:44:02'748 64.24
12:44:02'865 63.02
12:44:02'967 63.78
12:44:03'082 63.8
12:44:03'426 64.4
12:44:03'532 64.52
12:44:03'749 63.94
12:44:03'849 64.42
12:44:03'950 63.5
12:44:04'066 63.54
12:44:04'171 62.24
12:44:04'394 61.62
12:44:04'499 62.04
12:44:04'615 63.28
12:44:04'825 63.84
12:44:04'932 64.88
12:44:05'048 64.94
12:44:05'165 64.7
12:44:05'266 64.08
12:44:05'382 64.66
12:44:05'484 64.28
12:44:05'699 64.12
12:44:05'801 65.26
12:44:05'916 64.42
12:44:06'033 62.66
12:44:06'148 64.24
12:44:06'364 64.26
12:44:06'579 63.4
12:44:06'681 63.98
12:44:06'794 63.96
12:44:06'910 65.18
12:44:07'019 65.84
12:44:07'132 65.42
12:44:07'365 64.14
12:44:07'467 64.06
12:44:07'682 63.56
12:44:07'799 63.84
